<?xml version="1.0" encoding="UTF-8"?>
<!-- Generated by org.testng.reporters.JUnitXMLReporter -->
<testsuite ignored="0" hostname="Franciscos-MacBook-Pro.local" failures="0" tests="6" name="Surefire test" time="0.06" errors="0" timestamp="2022-04-01T20:56:32 PET">
  <testcase classname="lab.ManageDemandTest" name="test_AllOrdersFromPeru" time="0.005"/>
  <testcase classname="lab.ManageDemandTest" name="test_emptyOrders" time="0.0"/>
  <testcase classname="lab.ManageDemandTest" name="test_mixedOrdersWithAdditional" time="0.001"/>
  <testcase classname="lab.TaxTest" name="test_PeruTax" time="0.0"/>
  <testcase classname="lab.TaxTest" name="test_brazilTax" time="0.0"/>
  <testcase classname="lab.TaxTest" name="test_colombiaTax" time="0.0"/>
</testsuite> <!-- Surefire test -->
