<?xml version="1.0" encoding="UTF-8"?>
<!-- Generated by org.testng.reporters.JUnitXMLReporter -->
<testsuite ignored="0" hostname="Franciscos-MacBook-Pro.local" failures="0" tests="6" name="Command line test" time="0.028" errors="0" timestamp="2022-03-31T21:57:07 PET">
  <testcase classname="lab.ManageDemandTest" name="test_AllOrdersFromPeru" time="0.003"/>
  <testcase classname="lab.ManageDemandTest" name="test_emptyOrders" time="0.0"/>
  <testcase classname="lab.ManageDemandTest" name="test_mixedOrdersWithAdditional" time="0.0"/>
  <testcase classname="lab.TaxTest" name="test_PeruTax" time="0.0"/>
  <testcase classname="lab.TaxTest" name="test_brazilTax" time="0.001"/>
  <testcase classname="lab.TaxTest" name="test_colombiaTax" time="0.0"/>
</testsuite> <!-- Command line test -->
