<?xml version="1.0" encoding="UTF-8"?>
<testsuite xmlns:xsi="http://www.w3.org/2001/XMLSchema-instance" xsi:noNamespaceSchemaLocation="https://maven.apache.org/surefire/maven-surefire-plugin/xsd/surefire-test-report.xsd" name="TestSuite" time="0.442" tests="6" errors="0" skipped="0" failures="0">
  <properties>
[...]
</properties>
  <testcase name="test_AllOrdersFromPeru" classname="lab.ManageDemandTest" time="0.007"/>
  <testcase name="test_emptyOrders" classname="lab.ManageDemandTest" time="0.001"/>
  <testcase name="test_mixedOrdersWithAdditional" classname="lab.ManageDemandTest" time="0.001"/>
  <testcase name="test_PeruTax" classname="lab.TaxTest" time="0.001"/>
  <testcase name="test_brazilTax" classname="lab.TaxTest" time="0.001"/>
  <testcase name="test_colombiaTax" classname="lab.TaxTest" time="0.001"/>
</testsuite>