<?xml version="1.0" encoding="UTF-8"?>
<testng-results ignored="0" total="2" passed="2" failed="0" skipped="0">
  <reporter-output>
  </reporter-output>
  <suite started-at="2022-03-31T21:15:46 PET" name="Command line suite" finished-at="2022-03-31T21:15:46 PET" duration-ms="26">
    <groups>
    </groups>
    <test started-at="2022-03-31T21:15:46 PET" name="Command line test" finished-at="2022-03-31T21:15:46 PET" duration-ms="26">
      <class name="lab.ManageDemandTest">
        <test-method is-config="true" signature="setup()[pri:0, instance:lab.ManageDemandTest@1f28c152]" started-at="2022-03-31T21:15:46 PET" name="setup" finished-at="2022-03-31T21:15:46 PET" duration-ms="8" status="PASS">
          <reporter-output>
          </reporter-output>
        </test-method> <!-- setup -->
        <test-method signature="test_AllOrdersFromPeru()[pri:0, instance:lab.ManageDemandTest@1f28c152]" started-at="2022-03-31T21:15:46 PET" name="test_AllOrdersFromPeru" finished-at="2022-03-31T21:15:46 PET" duration-ms="3" status="PASS">
          <reporter-output>
          </reporter-output>
        </test-method> <!-- test_AllOrdersFromPeru -->
        <test-method signature="test_emptyOrders()[pri:0, instance:lab.ManageDemandTest@1f28c152]" started-at="2022-03-31T21:15:46 PET" name="test_emptyOrders" finished-at="2022-03-31T21:15:46 PET" duration-ms="1" status="PASS">
          <reporter-output>
          </reporter-output>
        </test-method> <!-- test_emptyOrders -->
      </class> <!-- lab.ManageDemandTest -->
    </test> <!-- Command line test -->
  </suite> <!-- Command line suite -->
</testng-results>
