<?xml version="1.0" encoding="UTF-8"?>
<testng-results ignored="0" total="6" passed="6" failed="0" skipped="0">
  <reporter-output>
  </reporter-output>
  <suite started-at="2022-04-01T20:56:32 PET" name="Surefire suite" finished-at="2022-04-01T20:56:32 PET" duration-ms="60">
    <groups>
    </groups>
    <test started-at="2022-04-01T20:56:32 PET" name="Surefire test" finished-at="2022-04-01T20:56:32 PET" duration-ms="60">
      <class name="lab.TaxTest">
        <test-method is-config="true" signature="setup()[pri:0, instance:lab.TaxTest@74a6f9c1]" started-at="2022-04-01T20:56:32 PET" name="setup" finished-at="2022-04-01T20:56:32 PET" duration-ms="0" status="PASS">
          <reporter-output>
          </reporter-output>
        </test-method> <!-- setup -->
        <test-method signature="test_PeruTax()[pri:0, instance:lab.TaxTest@74a6f9c1]" started-at="2022-04-01T20:56:32 PET" name="test_PeruTax" finished-at="2022-04-01T20:56:32 PET" duration-ms="0" status="PASS">
          <reporter-output>
          </reporter-output>
        </test-method> <!-- test_PeruTax -->
        <test-method signature="test_brazilTax()[pri:0, instance:lab.TaxTest@74a6f9c1]" started-at="2022-04-01T20:56:32 PET" name="test_brazilTax" finished-at="2022-04-01T20:56:32 PET" duration-ms="0" status="PASS">
          <reporter-output>
          </reporter-output>
        </test-method> <!-- test_brazilTax -->
        <test-method signature="test_colombiaTax()[pri:0, instance:lab.TaxTest@74a6f9c1]" started-at="2022-04-01T20:56:32 PET" name="test_colombiaTax" finished-at="2022-04-01T20:56:32 PET" duration-ms="0" status="PASS">
          <reporter-output>
          </reporter-output>
        </test-method> <!-- test_colombiaTax -->
      </class> <!-- lab.TaxTest -->
      <class name="lab.ManageDemandTest">
        <test-method is-config="true" signature="setup()[pri:0, instance:lab.ManageDemandTest@6f7923a5]" started-at="2022-04-01T20:56:32 PET" name="setup" finished-at="2022-04-01T20:56:32 PET" duration-ms="16" status="PASS">
          <reporter-output>
          </reporter-output>
        </test-method> <!-- setup -->
        <test-method signature="test_AllOrdersFromPeru()[pri:0, instance:lab.ManageDemandTest@6f7923a5]" started-at="2022-04-01T20:56:32 PET" name="test_AllOrdersFromPeru" finished-at="2022-04-01T20:56:32 PET" duration-ms="5" status="PASS">
          <reporter-output>
          </reporter-output>
        </test-method> <!-- test_AllOrdersFromPeru -->
        <test-method signature="test_emptyOrders()[pri:0, instance:lab.ManageDemandTest@6f7923a5]" started-at="2022-04-01T20:56:32 PET" name="test_emptyOrders" finished-at="2022-04-01T20:56:32 PET" duration-ms="0" status="PASS">
          <reporter-output>
          </reporter-output>
        </test-method> <!-- test_emptyOrders -->
        <test-method signature="test_mixedOrdersWithAdditional()[pri:0, instance:lab.ManageDemandTest@6f7923a5]" started-at="2022-04-01T20:56:32 PET" name="test_mixedOrdersWithAdditional" finished-at="2022-04-01T20:56:32 PET" duration-ms="1" status="PASS">
          <reporter-output>
          </reporter-output>
        </test-method> <!-- test_mixedOrdersWithAdditional -->
      </class> <!-- lab.ManageDemandTest -->
    </test> <!-- Surefire test -->
  </suite> <!-- Surefire suite -->
</testng-results>
